<?xml version="1.0" encoding="UTF-8"?>
<!-- Generated by org.testng.reporters.JUnitReportReporter -->
<testsuite skipped="0" hostname="DESKTOP-ASB5QBL" name="testNG.EmpRegTc_TestNG" tests="4" failures="0" timestamp="15 Jun 2023 15:51:12 GMT" time="28.420" errors="0">
  <testcase name="orgEmpReg" time="5.155" classname="testNG.EmpRegTc_TestNG"/>
  <testcase name="orgEmpReg" time="7.102" classname="testNG.EmpRegTc_TestNG"/>
  <testcase name="orgEmpReg" time="7.560" classname="testNG.EmpRegTc_TestNG"/>
  <testcase name="orgEmpReg" time="8.603" classname="testNG.EmpRegTc_TestNG"/>
</testsuite> <!-- testNG.EmpRegTc_TestNG -->
