<?xml version="1.0" encoding="UTF-8"?>
<!-- Generated by org.testng.reporters.JUnitReportReporter -->
<testsuite skipped="0" hostname="DESKTOP-ASB5QBL" name="pom.LoginTest_POM" tests="1" failures="0" timestamp="15 Jun 2023 16:23:55 GMT" time="37.766" errors="0">
  <testcase name="login" time="37.766" classname="pom.LoginTest_POM"/>
</testsuite> <!-- pom.LoginTest_POM -->
