<?xml version="1.0" encoding="UTF-8"?>
<!-- Generated by org.testng.reporters.JUnitReportReporter -->
<testsuite skipped="0" hostname="DESKTOP-ASB5QBL" name="testNG.AnnotationsEg" tests="4" failures="0" timestamp="13 Jun 2023 16:24:15 GMT" time="0.095" errors="0">
  <testcase name="Function1" time="0.064" classname="testNG.AnnotationsEg"/>
  <testcase name="Function2" time="0.009" classname="testNG.AnnotationsEg"/>
  <testcase name="Function3" time="0.014" classname="testNG.AnnotationsEg"/>
  <testcase name="Apple" time="0.008" classname="testNG.AnnotationsEg"/>
</testsuite> <!-- testNG.AnnotationsEg -->
