<?xml version="1.0" encoding="UTF-8"?>
<!-- Generated by org.testng.reporters.JUnitReportReporter -->
<testsuite skipped="0" hostname="DESKTOP-ASB5QBL" name="testNG.UserRegTC_TestNG" tests="1" failures="0" timestamp="15 Jun 2023 15:39:16 GMT" time="10.847" errors="0">
  <testcase name="orgUserReg" time="10.847" classname="testNG.UserRegTC_TestNG"/>
</testsuite> <!-- testNG.UserRegTC_TestNG -->
