<?xml version="1.0" encoding="UTF-8"?>
<!-- Generated by org.testng.reporters.JUnitReportReporter -->
<testsuite skipped="0" hostname="DESKTOP-ASB5QBL" name="testNG.PrimusBankLoginEg" tests="1" failures="0" timestamp="14 Jun 2023 15:55:20 GMT" time="7.030" errors="0">
  <testcase name="login" time="7.030" classname="testNG.PrimusBankLoginEg"/>
</testsuite> <!-- testNG.PrimusBankLoginEg -->
