<?xml version="1.0" encoding="UTF-8"?>
<!-- Generated by org.testng.reporters.JUnitReportReporter -->
<testsuite skipped="0" hostname="DESKTOP-ASB5QBL" name="grid.GridEg1" tests="3" failures="0" timestamp="18 Jun 2023 16:23:12 GMT" time="164.609" errors="0">
  <testcase name="grid" time="55.053" classname="grid.GridEg1"/>
  <testcase name="grid" time="53.924" classname="grid.GridEg1"/>
  <testcase name="grid" time="55.632" classname="grid.GridEg1"/>
</testsuite> <!-- grid.GridEg1 -->
