<?xml version="1.0" encoding="UTF-8"?>
<!-- Generated by org.testng.reporters.JUnitReportReporter -->
<testsuite skipped="0" hostname="DESKTOP-ASB5QBL" name="com.Practiceproject.testNGExamples.AnnotaionsEg" tests="4" failures="0" timestamp="23 May 2023 01:14:03 GMT" time="0.078" errors="0">
  <testcase name="Function1" time="0.031" classname="com.Practiceproject.testNGExamples.AnnotaionsEg"/>
  <testcase name="Function2" time="0.015" classname="com.Practiceproject.testNGExamples.AnnotaionsEg"/>
  <testcase name="Function3" time="0.010" classname="com.Practiceproject.testNGExamples.AnnotaionsEg"/>
  <testcase name="Apple" time="0.022" classname="com.Practiceproject.testNGExamples.AnnotaionsEg"/>
</testsuite> <!-- com.Practiceproject.testNGExamples.AnnotaionsEg -->
