<?xml version="1.0" encoding="UTF-8"?>
<!-- Generated by org.testng.reporters.JUnitReportReporter -->
<testsuite skipped="0" hostname="DESKTOP-ASB5QBL" name="com.Practiceproject.testNGExamples.TestNGEg" tests="1" failures="0" timestamp="23 May 2023 01:41:37 GMT" time="4.021" errors="0">
  <testcase name="login" time="4.021" classname="com.Practiceproject.testNGExamples.TestNGEg"/>
</testsuite> <!-- com.Practiceproject.testNGExamples.TestNGEg -->
